2024-01-15T10:00:00.000Z INFO Application started successfully
2024-01-15T10:00:05.123Z INFO Database connection pool initialized
2024-01-15T10:00:10.456Z INFO HTTP server listening on port 8080
2024-01-15T10:00:15.789Z INFO Cache system initialized
2024-01-15T10:00:20.012Z INFO User authentication service ready
2024-01-15T10:00:25.345Z INFO API gateway started
2024-01-15T10:00:30.678Z DEBUG Request received: GET /api/users
2024-01-15T10:00:35.901Z DEBUG Processing user query
2024-01-15T10:00:40.234Z INFO Request completed successfully
2024-01-15T10:00:45.567Z DEBUG Request received: POST /api/login
2024-01-15T10:00:50.890Z INFO User logged in: user123
2024-01-15T10:00:55.123Z DEBUG Session created: sess_abc123
2024-01-15T10:01:00.456Z WARN Connection pool reaching capacity: 80%
2024-01-15T10:01:05.789Z DEBUG Request received: GET /api/products
2024-01-15T10:01:10.012Z INFO Query executed in 45ms
2024-01-15T10:01:15.345Z ERROR Database connection timeout
2024-01-15T10:01:20.678Z ERROR Failed to execute query: connection lost
2024-01-15T10:01:25.901Z WARN Retrying database connection
2024-01-15T10:01:30.234Z INFO Database connection restored
2024-01-15T10:01:35.567Z DEBUG Request received: PUT /api/users/123
2024-01-15T10:01:40.890Z INFO User profile updated
2024-01-15T10:01:45.123Z DEBUG Request received: GET /api/orders
2024-01-15T10:01:50.456Z ERROR Payment gateway timeout
2024-01-15T10:01:55.789Z ERROR Transaction failed: payment service unavailable
2024-01-15T10:02:00.012Z WARN Payment retry scheduled
2024-01-15T10:02:05.345Z INFO Payment processed successfully
2024-01-15T10:02:10.678Z DEBUG Request received: DELETE /api/cart/456
2024-01-15T10:02:15.901Z INFO Cart item removed
2024-01-15T10:02:20.234Z WARN High memory usage detected: 85%
2024-01-15T10:02:25.567Z DEBUG Garbage collection triggered
2024-01-15T10:02:30.890Z INFO Memory usage reduced to 65%
2024-01-15T10:02:35.123Z ERROR Database query failed: syntax error
2024-01-15T10:02:40.456Z ERROR Invalid SQL statement in user query
2024-01-15T10:02:45.789Z WARN Request rejected: invalid input
2024-01-15T10:02:50.012Z DEBUG Request received: GET /api/stats
2024-01-15T10:02:55.345Z INFO Statistics generated successfully
2024-01-15T10:03:00.678Z FATAL Critical error: database connection pool exhausted
2024-01-15T10:03:05.901Z FATAL System unable to process requests
2024-01-15T10:03:10.234Z ERROR Emergency shutdown initiated
2024-01-15T10:03:15.567Z INFO System shutdown complete
2026-05-16T10:10:26.622Z INFO New user registration completed
2026-05-16T10:10:28.649Z WARN API response time degraded: 500ms
2026-05-16T10:10:30.679Z ERROR Database connection failed: timeout
2026-05-16T10:10:34.737Z ERROR Payment processing failed: gateway timeout
2026-05-16T10:10:34.745Z ERROR Transaction rollback initiated
2026-05-16T10:10:38.792Z FATAL Critical system failure: out of memory
2026-05-16T10:10:42.878Z INFO System recovery initiated
2026-05-16T10:10:44.921Z INFO System restored to normal operation
