2024-01-15T10:00:00.000Z INFO System boot completed
2024-01-15T10:00:05.123Z INFO CPU cores initialized: 8
2024-01-15T10:00:10.456Z INFO Memory available: 16GB
2024-01-15T10:00:15.789Z INFO Disk space available: 500GB
2024-01-15T10:00:20.012Z DEBUG System health check passed
2024-01-15T10:00:25.345Z INFO Network interfaces up: eth0, eth1
2024-01-15T10:00:30.678Z DEBUG Monitoring services started
2024-01-15T10:00:35.901Z INFO Firewall rules loaded
2024-01-15T10:00:40.234Z DEBUG System metrics collection enabled
2024-01-15T10:00:45.567Z WARN CPU temperature rising: 65C
2024-01-15T10:00:50.890Z DEBUG Cooling system activated
2024-01-15T10:00:55.123Z INFO CPU temperature normalized: 55C
2024-01-15T10:01:00.456Z WARN Memory usage high: 12GB/16GB
2024-01-15T10:01:05.789Z DEBUG Memory cleanup scheduled
2024-01-15T10:01:10.012Z INFO Memory freed: 2GB
2024-01-15T10:01:15.345Z ERROR Disk I/O error on /dev/sda1
2024-01-15T10:01:20.678Z WARN Disk read retry in progress
2024-01-15T10:01:25.901Z INFO Disk operation completed
2024-01-15T10:01:30.234Z DEBUG Network traffic: 1.2GB/s
2024-01-15T10:01:35.567Z WARN Network bandwidth utilization: 85%
2024-01-15T10:01:40.890Z DEBUG Traffic shaping applied
2024-01-15T10:01:45.123Z INFO Network performance optimized
2024-01-15T10:01:50.456Z WARN Disk space low: 50GB remaining
2024-01-15T10:01:55.789Z DEBUG Log rotation initiated
2024-01-15T10:02:00.012Z INFO Old logs archived
2024-01-15T10:02:05.345Z INFO Disk space recovered: 100GB
2024-01-15T10:02:10.678Z ERROR System service crashed: monitoring-agent
2024-01-15T10:02:15.901Z WARN Attempting service restart
2024-01-15T10:02:20.234Z INFO Service restarted successfully
2026-05-16T10:10:26.629Z DEBUG System health check passed
2026-05-16T10:10:30.687Z WARN Memory usage high: 90%
2026-05-16T10:10:36.771Z ERROR Disk I/O error detected
2026-05-16T10:10:38.811Z FATAL System crash imminent
2026-05-16T10:10:42.882Z INFO Services restarting
